
/****************************************************************************/

$$$$$ Date: Sun Dec 14 02:42:58 2014
 
NUMBER: 1

/****************************************************************************/

/****************************************************************************/

$$$$$ Date: Sun Dec 14 02:43:22 2014
 
NUMBER: 1
FUNCTION: +
NUMBER: 2

/****************************************************************************/

/****************************************************************************/

$$$$$ Date: Sun Dec 14 02:43:44 2014
 
NUMBER: 1
FUNCTION: +
NUMBER: 2

/****************************************************************************/

/****************************************************************************/

$$$$$ Date: Sun Dec 14 02:44:02 2014
 
NUMBER: 1
FUNCTION: +
NUMBER: 2

/****************************************************************************/

/****************************************************************************/

$$$$$ Date: Sun Dec 14 02:47:05 2014
 
NUMBER: 1
FUNCTION: +
NUMBER: 1

/****************************************************************************/

/****************************************************************************/

$$$$$ Date: Sun Dec 14 02:47:27 2014
 
NUMBER: 1
FUNCTION: +
NUMBER: 2

/****************************************************************************/

/****************************************************************************/

$$$$$ Date: Sun Dec 14 02:51:00 2014
 
NUMBER: 1
FUNCTION: +
NUMBER: 1

/****************************************************************************/

/****************************************************************************/

$$$$$ Date: Sun Dec 14 02:51:38 2014
 
NUMBER: 1
FUNCTION: +
NUMBER: 2

/****************************************************************************/

/****************************************************************************/

$$$$$ Date: Sun Dec 14 02:54:44 2014
 
NUMBER: 1
FUNCTION: +
NUMBER: 2

/****************************************************************************/

/****************************************************************************/

$$$$$ Date: Sun Dec 14 02:55:34 2014
 
NUMBER: 1
FUNCTION: +
NUMBER: 2

/****************************************************************************/
3
/****************************************************************************/

$$$$$ Date: Sun Dec 14 02:58:12 2014
 
NUMBER: 1
FUNCTION: +
NUMBER: 2

/****************************************************************************/

/****************************************************************************/

$$$$$ Date: Sun Dec 14 03:02:11 2014
 
NUMBER: 1
FUNCTION: +
NUMBER: 2

/****************************************************************************/

/****************************************************************************/

$$$$$ Date: Sun Dec 14 03:05:32 2014
 
NUMBER: 1
FUNCTION: +
NUMBER: 2

/****************************************************************************/

/****************************************************************************/

$$$$$ Date: Sun Dec 14 03:09:16 2014
 
NUMBER: 1
FUNCTION: +
NUMBER: 2

/****************************************************************************/

/****************************************************************************/

$$$$$ Date: Sun Dec 14 03:09:52 2014
 
NUMBER: 1
FUNCTION: +
NUMBER: 2

/****************************************************************************/

/****************************************************************************/

$$$$$ Date: Sun Dec 14 03:10:14 2014
 
NUMBER: 1
FUNCTION: +
NUMBER: 2

/****************************************************************************/

/****************************************************************************/

$$$$$ Date: Sun Dec 14 03:10:46 2014
 
NUMBER: 1
FUNCTION: +
NUMBER: 2

/****************************************************************************/

/****************************************************************************/

$$$$$ Date: Sun Dec 14 03:11:48 2014
 
NUMBER: 1
FUNCTION: +
NUMBER: 2

/****************************************************************************/

/****************************************************************************/

$$$$$ Date: Sun Dec 14 03:13:38 2014
 
NUMBER: 1
FUNCTION: +
NUMBER: 22000
VARIABLE: e
NUMBER: 3
VARIABLE: q

/****************************************************************************/

/****************************************************************************/

$$$$$ Date: Sun Dec 14 03:14:02 2014
 
NUMBER: 1
FUNCTION: +
NUMBER: 2

/****************************************************************************/

/****************************************************************************/

$$$$$ Date: Sun Dec 14 03:14:07 2014
 
NUMBER: 1

/****************************************************************************/

/****************************************************************************/

$$$$$ Date: Sun Dec 14 03:14:13 2014
 
NUMBER: 1
FUNCTION: *
NUMBER: 3

/****************************************************************************/

/****************************************************************************/

$$$$$ Date: Sun Dec 14 03:16:16 2014
 
NUMBER: 1
FUNCTION: *
NUMBER: 3

/****************************************************************************/

/****************************************************************************/

$$$$$ Date: Sun Dec 14 03:16:27 2014
 
NUMBER: 1
FUNCTION: *
NUMBER: 3

/****************************************************************************/

/****************************************************************************/

$$$$$ Date: Sun Dec 14 03:17:01 2014
 
NUMBER: 1
FUNCTION: +
NUMBER: 2

/****************************************************************************/

/****************************************************************************/

$$$$$ Date: Sun Dec 14 03:18:06 2014
 
NUMBER: 1
FUNCTION: +
NUMBER: 2

/****************************************************************************/

/****************************************************************************/

$$$$$ Date: Sun Dec 14 03:18:10 2014
 
NUMBER: 1
FUNCTION: *
NUMBER: 2

/****************************************************************************/

/****************************************************************************/

$$$$$ Date: Sun Dec 14 03:18:20 2014
 
NUMBER: 1
FUNCTION: +
NUMBER: 2
FUNCTION: *
NUMBER: 3

/****************************************************************************/

/****************************************************************************/

$$$$$ Date: Sun Dec 14 03:20:09 2014
 
NUMBER: 1
FUNCTION: +
NUMBER: 0
FUNCTION: *
NUMBER: 8

/****************************************************************************/

/****************************************************************************/

$$$$$ Date: Sun Dec 14 03:20:18 2014
 
NUMBER: 1
FUNCTION: +
NUMBER: 3
FUNCTION: *
NUMBER: 6
FUNCTION: +
NUMBER: 6
FUNCTION: *
NUMBER: 1

/****************************************************************************/

/****************************************************************************/

$$$$$ Date: Sun Dec 14 03:20:30 2014
 
NUMBER: 1
FUNCTION: *
BRACKET: (
NUMBER: 2
FUNCTION: +
NUMBER: 3
BRACKET: )

/****************************************************************************/

/****************************************************************************/

$$$$$ Date: Sun Dec 14 03:20:42 2014
 
NUMBER: 3
FUNCTION: *
BRACKET: (
NUMBER: 3
FUNCTION: +
NUMBER: 4
BRACKET: )

/****************************************************************************/

/****************************************************************************/

$$$$$ Date: Sun Dec 14 03:21:54 2014
 
NUMBER: 1
FUNCTION: +
NUMBER: 3
FUNCTION: *
NUMBER: 4
FUNCTION: +
NUMBER: 7
FUNCTION: *
BRACKET: (
NUMBER: 3
FUNCTION: +
NUMBER: 4
BRACKET: )
FUNCTION: -
NUMBER: 1

/****************************************************************************/

/****************************************************************************/

$$$$$ Date: Sun Dec 14 03:46:23 2014
 
NUMBER: 1
FUNCTION: +
NUMBER: 1

/****************************************************************************/

/****************************************************************************/

$$$$$ Date: Sun Dec 14 03:46:30 2014
 
NUMBER: 1
FUNCTION: ^
NUMBER: 2

/****************************************************************************/

/****************************************************************************/

$$$$$ Date: Sun Dec 14 03:46:35 2014
 
NUMBER: 2
FUNCTION: ^
NUMBER: 4

/****************************************************************************/

/****************************************************************************/

$$$$$ Date: Sun Dec 14 03:46:43 2014
 
NUMBER: 1
FUNCTION: +
NUMBER: 2
FUNCTION: -
NUMBER: 1

/****************************************************************************/

/****************************************************************************/

$$$$$ Date: Sun Dec 14 03:47:05 2014
 
BRACKET: (
NUMBER: 3
FUNCTION: *
BRACKET: (
NUMBER: 3
FUNCTION: -
NUMBER: 2
BRACKET: )
FUNCTION: +
NUMBER: 34
FUNCTION: /
NUMBER: 4
BRACKET: )
FUNCTION: ^
NUMBER: 2

/****************************************************************************/

/****************************************************************************/

$$$$$ Date: Sun Dec 14 03:47:51 2014
 
NUMBER: 33
FUNCTION: *
NUMBER: 33

/****************************************************************************/

/****************************************************************************/

$$$$$ Date: Sun Dec 14 03:48:00 2014
 
NUMBER: 5
FUNCTION: *
BRACKET: (
NUMBER: 9
FUNCTION: -
NUMBER: 4
BRACKET: )

/****************************************************************************/

/****************************************************************************/

$$$$$ Date: Sun Dec 14 03:48:10 2014
 
NUMBER: 5
FUNCTION: *
BRACKET: (
NUMBER: 9
FUNCTION: -
NUMBER: 4
BRACKET: )
FUNCTION: +
NUMBER: 1

/****************************************************************************/

/****************************************************************************/

$$$$$ Date: Sun Dec 14 03:48:59 2014
 
NUMBER: 1
FUNCTION: +
NUMBER: 2
FUNCTION: +
NUMBER: 3
FUNCTION: +
NUMBER: 3

/****************************************************************************/

/****************************************************************************/

$$$$$ Date: Sun Dec 14 03:49:08 2014
 
NUMBER: 1
FUNCTION: -
NUMBER: 1
FUNCTION: -
NUMBER: 1
FUNCTION: -
NUMBER: 1
FUNCTION: -
NUMBER: 1

/****************************************************************************/

/****************************************************************************/

$$$$$ Date: Sun Dec 14 03:50:12 2014
 
NUMBER: 1
FUNCTION: -
NUMBER: 1
FUNCTION: -
NUMBER: 1
FUNCTION: -
NUMBER: 1
FUNCTION: -
NUMBER: 1
FUNCTION: -
NUMBER: 1

/****************************************************************************/

/****************************************************************************/

$$$$$ Date: Sun Dec 14 03:52:50 2014
 
NUMBER: 1
FUNCTION: -
NUMBER: 1
FUNCTION: -
NUMBER: 1
FUNCTION: -
NUMBER: 1
FUNCTION: -
NUMBER: 1
FUNCTION: -
NUMBER: 1

/****************************************************************************/

/****************************************************************************/

$$$$$ Date: Sun Dec 14 03:58:01 2014
 
NUMBER: 2
FUNCTION: +
NUMBER: 2

/****************************************************************************/

/****************************************************************************/

$$$$$ Date: Sun Dec 14 03:59:05 2014
 
NUMBER: 2
FUNCTION: +
NUMBER: 2

/****************************************************************************/

/****************************************************************************/

$$$$$ Date: Sun Dec 14 04:00:46 2014
 
FUNCTION: -
NUMBER: 1

/****************************************************************************/

/****************************************************************************/

$$$$$ Date: Sun Dec 14 04:00:53 2014
 
NUMBER: 1
FUNCTION: -
NUMBER: 1

/****************************************************************************/

/****************************************************************************/

$$$$$ Date: Sun Dec 14 04:01:00 2014
 
NUMBER: 2
FUNCTION: *
NUMBER: 2

/****************************************************************************/

/****************************************************************************/

$$$$$ Date: Sun Dec 14 04:01:26 2014
 
NUMBER: 2
FUNCTION: +
NUMBER: 2

/****************************************************************************/

/****************************************************************************/

$$$$$ Date: Sun Dec 14 04:01:52 2014
 
NUMBER: 2
FUNCTION: +
NUMBER: 2

/****************************************************************************/

/****************************************************************************/

$$$$$ Date: Sun Dec 14 04:04:53 2014
 
NUMBER: 2
FUNCTION: +
NUMBER: 2

/****************************************************************************/

/****************************************************************************/

$$$$$ Date: Sun Dec 14 04:05:12 2014
 
NUMBER: 2
FUNCTION: +
NUMBER: 2

/****************************************************************************/

/****************************************************************************/

$$$$$ Date: Sun Dec 14 04:05:17 2014
 
NUMBER: 2
FUNCTION: -
NUMBER: 2

/****************************************************************************/

/****************************************************************************/

$$$$$ Date: Sun Dec 14 04:05:59 2014
 
NUMBER: 2
FUNCTION: -
NUMBER: 2

/****************************************************************************/

/****************************************************************************/

$$$$$ Date: Sun Dec 14 04:08:59 2014
 
NUMBER: 2
FUNCTION: -
NUMBER: 2

/****************************************************************************/

/****************************************************************************/

$$$$$ Date: Sun Dec 14 04:09:03 2014
 
NUMBER: 2
FUNCTION: +
NUMBER: 2

/****************************************************************************/

/****************************************************************************/

$$$$$ Date: Sun Dec 14 04:09:08 2014
 
NUMBER: 2
FUNCTION: +
NUMBER: 2
FUNCTION: +
NUMBER: 2

/****************************************************************************/

/****************************************************************************/

$$$$$ Date: Sun Dec 14 04:09:34 2014
 
NUMBER: 2
FUNCTION: +
NUMBER: 2

/****************************************************************************/

/****************************************************************************/

$$$$$ Date: Sun Dec 14 04:10:04 2014
 
NUMBER: 2
FUNCTION: +
NUMBER: 2

/****************************************************************************/

/****************************************************************************/

$$$$$ Date: Sun Dec 14 04:11:05 2014
 
NUMBER: 2
FUNCTION: +
NUMBER: 2

/****************************************************************************/

/****************************************************************************/

$$$$$ Date: Sun Dec 14 04:11:15 2014
 
NUMBER: 2
FUNCTION: +
NUMBER: 2
FUNCTION: +
NUMBER: 2
FUNCTION: +
NUMBER: 2

/****************************************************************************/

/****************************************************************************/

$$$$$ Date: Sun Dec 14 04:11:21 2014
 
NUMBER: 2
FUNCTION: ^
NUMBER: 2

/****************************************************************************/

/****************************************************************************/

$$$$$ Date: Sun Dec 14 04:11:26 2014
 
NUMBER: 2
FUNCTION: ^
NUMBER: 2
FUNCTION: ^
NUMBER: 2

/****************************************************************************/

/****************************************************************************/

$$$$$ Date: Sun Dec 14 04:11:46 2014
 
NUMBER: 2
FUNCTION: /
NUMBER: 2

/****************************************************************************/

/****************************************************************************/

$$$$$ Date: Sun Dec 14 04:12:15 2014
 
BRACKET: (
NUMBER: 1
FUNCTION: *
BRACKET: (
NUMBER: 34
FUNCTION: -
NUMBER: 32
BRACKET: )
FUNCTION: +
NUMBER: 34
FUNCTION: /
NUMBER: 3
FUNCTION: -
NUMBER: 21
BRACKET: )
FUNCTION: ^
NUMBER: 2

/****************************************************************************/

/****************************************************************************/

$$$$$ Date: Sun Dec 14 04:12:52 2014
 
NUMBER: 2
FUNCTION: *
BRACKET: (
NUMBER: 9
FUNCTION: -
NUMBER: 1
BRACKET: )
FUNCTION: +
NUMBER: 3

/****************************************************************************/

/****************************************************************************/

$$$$$ Date: Sun Dec 14 04:13:31 2014
 
NUMBER: 2
FUNCTION: +
NUMBER: 2

/****************************************************************************/

/****************************************************************************/

$$$$$ Date: Sun Dec 14 04:13:40 2014
 
NUMBER: 2
FUNCTION: *
BRACKET: (
NUMBER: 9
FUNCTION: -
NUMBER: 5
BRACKET: )
FUNCTION: +
NUMBER: 3

/****************************************************************************/

/****************************************************************************/

$$$$$ Date: Sun Dec 14 04:13:59 2014
 
NUMBER: 2
FUNCTION: *
BRACKET: (
NUMBER: 9
FUNCTION: -
NUMBER: 5
BRACKET: )
FUNCTION: +
NUMBER: 1

/****************************************************************************/

/****************************************************************************/

$$$$$ Date: Sun Dec 14 04:15:32 2014
 
NUMBER: 2
FUNCTION: *
BRACKET: (
NUMBER: 9
FUNCTION: -
NUMBER: 5
BRACKET: )
FUNCTION: +
NUMBER: 1

/****************************************************************************/

/****************************************************************************/

$$$$$ Date: Sun Dec 14 04:23:12 2014
 
NUMBER: 2
FUNCTION: +
NUMBER: 2

/****************************************************************************/

/****************************************************************************/

$$$$$ Date: Sun Dec 14 04:25:13 2014
 
NUMBER: 2
FUNCTION: *
BRACKET: (
NUMBER: 9
FUNCTION: -
NUMBER: 5
BRACKET: )
FUNCTION: +
NUMBER: 1

/****************************************************************************/

/****************************************************************************/

$$$$$ Date: Sun Dec 14 04:31:23 2014
 
NUMBER: 2
FUNCTION: *
BRACKET: (
NUMBER: 9
FUNCTION: -
NUMBER: 5
BRACKET: )
FUNCTION: -
NUMBER: 2

/****************************************************************************/

/****************************************************************************/

$$$$$ Date: Sun Dec 14 04:34:22 2014
 
NUMBER: 2
FUNCTION: *
BRACKET: (
NUMBER: 9
FUNCTION: -
NUMBER: 5
BRACKET: )
FUNCTION: -
NUMBER: 1

/****************************************************************************/

/****************************************************************************/

$$$$$ Date: Sun Dec 14 04:34:57 2014
 
NUMBER: 2
FUNCTION: *
BRACKET: (
NUMBER: 9
FUNCTION: -
NUMBER: 5
BRACKET: )
FUNCTION: -
NUMBER: 3

/****************************************************************************/

/****************************************************************************/

$$$$$ Date: Sun Dec 14 04:36:06 2014
 
NUMBER: 1
FUNCTION: *
NUMBER: 1

/****************************************************************************/

/****************************************************************************/

$$$$$ Date: Sun Dec 14 04:36:11 2014
 
NUMBER: 2
FUNCTION: +
NUMBER: 2
FUNCTION: +
NUMBER: 2

/****************************************************************************/

/****************************************************************************/

$$$$$ Date: Sun Dec 14 04:36:18 2014
 
NUMBER: 1
FUNCTION: *
BRACKET: (
NUMBER: 1
FUNCTION: -
NUMBER: 1
BRACKET: )

/****************************************************************************/

/****************************************************************************/

$$$$$ Date: Sun Dec 14 04:36:24 2014
 
NUMBER: 1
FUNCTION: *
BRACKET: (
NUMBER: 2
FUNCTION: -
NUMBER: 1
BRACKET: )

/****************************************************************************/

/****************************************************************************/

$$$$$ Date: Sun Dec 14 04:36:34 2014
 
NUMBER: 1
FUNCTION: *
BRACKET: (
BRACKET: (
NUMBER: 2
FUNCTION: -
NUMBER: 1
BRACKET: )
FUNCTION: +
NUMBER: 1
BRACKET: )

/****************************************************************************/

/****************************************************************************/

$$$$$ Date: Sun Dec 14 04:36:45 2014
 
NUMBER: 1
FUNCTION: *
BRACKET: (
NUMBER: 2
FUNCTION: +
NUMBER: 2
BRACKET: )
FUNCTION: -
NUMBER: 2

/****************************************************************************/

/****************************************************************************/

$$$$$ Date: Sun Dec 14 04:36:56 2014
 
NUMBER: 2
FUNCTION: *
BRACKET: (
NUMBER: 2
FUNCTION: +
NUMBER: 2
BRACKET: )
FUNCTION: +
NUMBER: 2

/****************************************************************************/

/****************************************************************************/

$$$$$ Date: Sun Dec 14 04:37:41 2014
 
NUMBER: 2
FUNCTION: *
BRACKET: (
NUMBER: 2
FUNCTION: +
NUMBER: 2
BRACKET: )
FUNCTION: +
NUMBER: 2

/****************************************************************************/

/****************************************************************************/

$$$$$ Date: Sun Dec 14 04:38:24 2014
 
NUMBER: 2
FUNCTION: *
BRACKET: (
NUMBER: 2
FUNCTION: +
NUMBER: 2
BRACKET: )
FUNCTION: +
NUMBER: 2

/****************************************************************************/

/****************************************************************************/

$$$$$ Date: Sun Dec 14 04:40:20 2014
 
NUMBER: 2
FUNCTION: *
BRACKET: (
NUMBER: 2
FUNCTION: +
NUMBER: 2
BRACKET: )
FUNCTION: +
NUMBER: 2

/****************************************************************************/

/****************************************************************************/

$$$$$ Date: Sun Dec 14 04:46:15 2014
 
NUMBER: 1
FUNCTION: +
NUMBER: 2
FUNCTION: +
NUMBER: 3
FUNCTION: +
NUMBER: 4
FUNCTION: +
NUMBER: 5
FUNCTION: -
NUMBER: 5
FUNCTION: *
NUMBER: 2
FUNCTION: /
NUMBER: 34

/****************************************************************************/

/****************************************************************************/

$$$$$ Date: Sun Dec 14 04:50:15 2014
 
NUMBER: 2
FUNCTION: *
BRACKET: (
NUMBER: 4
FUNCTION: -
NUMBER: 3
BRACKET: )
FUNCTION: +
BRACKET: (
NUMBER: 4
FUNCTION: +
NUMBER: 4
BRACKET: )
FUNCTION: *
BRACKET: (
BRACKET: (
BRACKET: (
BRACKET: (
NUMBER: 3
FUNCTION: -
NUMBER: 4
BRACKET: )
FUNCTION: +
NUMBER: 23
BRACKET: )
FUNCTION: *
NUMBER: 3
BRACKET: )
FUNCTION: ^
NUMBER: 2
BRACKET: )

/****************************************************************************/

/****************************************************************************/

$$$$$ Date: Sun Dec 14 04:59:54 2014
 
FUNCTION: sin
BRACKET: (
NUMBER: 3.14
BRACKET: )

/****************************************************************************/

/****************************************************************************/

$$$$$ Date: Sun Dec 14 05:00:13 2014
 
FUNCTION: sin
BRACKET: (
NUMBER: 1.57
BRACKET: )

/****************************************************************************/

/****************************************************************************/

$$$$$ Date: Sun Dec 14 05:01:15 2014
 
FUNCTION: sin
BRACKET: (
NUMBER: 3.14
BRACKET: )

/****************************************************************************/

/****************************************************************************/

$$$$$ Date: Sun Dec 14 05:01:28 2014
 
FUNCTION: sin
BRACKET: (
NUMBER: 1.57
BRACKET: )

/****************************************************************************/

/****************************************************************************/

$$$$$ Date: Sun Dec 14 05:01:50 2014
 
FUNCTION: sin
BRACKET: (
NUMBER: 1
BRACKET: )

/****************************************************************************/

/****************************************************************************/

$$$$$ Date: Sun Dec 14 05:02:04 2014
 
NUMBER: 2
FUNCTION: *
FUNCTION: sin
BRACKET: (
NUMBER: 23
BRACKET: )

/****************************************************************************/

/****************************************************************************/

$$$$$ Date: Sun Dec 14 05:02:37 2014
 
NUMBER: 2
FUNCTION: *
BRACKET: (
FUNCTION: sin
BRACKET: (
NUMBER: 1.57
BRACKET: )
BRACKET: )

/****************************************************************************/

/****************************************************************************/

$$$$$ Date: Sun Dec 14 05:03:13 2014
 
FUNCTION: sin
BRACKET: (
NUMBER: 1.57
BRACKET: )
FUNCTION: +
NUMBER: 2
FUNCTION: +
NUMBER: 3
FUNCTION: +
NUMBER: 0
FUNCTION: +
BRACKET: (
NUMBER: 2
FUNCTION: +
NUMBER: 2
BRACKET: )

/****************************************************************************/

/****************************************************************************/

$$$$$ Date: Sun Dec 14 05:05:57 2014
 
FUNCTION: cos
BRACKET: (
NUMBER: 3.14
BRACKET: )

/****************************************************************************/

/****************************************************************************/

$$$$$ Date: Sun Dec 14 05:17:26 2014
 
BRACKET: (
NUMBER: 1
FUNCTION: +
NUMBER: 7
FUNCTION: *
NUMBER: 5
FUNCTION: ^
BRACKET: (
NUMBER: 1
FUNCTION: +
NUMBER: 3
BRACKET: )
BRACKET: )
FUNCTION: *
BRACKET: (
NUMBER: 5
FUNCTION: -
NUMBER: 3
FUNCTION: /
NUMBER: 3
BRACKET: )

/****************************************************************************/

/****************************************************************************/

$$$$$ Date: Sun Dec 14 22:56:46 2014
 
NUMBER: 1

/****************************************************************************/

/****************************************************************************/

$$$$$ Date: Sun Dec 14 22:56:55 2014
 
NUMBER: 1
FUNCTION: +
NUMBER: 2

/****************************************************************************/

/****************************************************************************/

$$$$$ Date: Sun Dec 14 22:57:19 2014
 
FUNCTION: sin
BRACKET: (
NUMBER: 2
FUNCTION: +
NUMBER: 3
FUNCTION: -
NUMBER: 4
BRACKET: )

/****************************************************************************/

/****************************************************************************/

$$$$$ Date: Sun Dec 14 22:57:52 2014
 
FUNCTION: sin
BRACKET: (
NUMBER: 1
FUNCTION: +
NUMBER: 2
FUNCTION: -
NUMBER: 3
BRACKET: )
FUNCTION: -
FUNCTION: sin
BRACKET: (
NUMBER: 0
FUNCTION: -
NUMBER: 1
BRACKET: )

/****************************************************************************/

/****************************************************************************/

$$$$$ Date: Sun Dec 14 22:59:15 2014
 
FUNCTION: sin
BRACKET: (
NUMBER: 1
BRACKET: )
FUNCTION: -
FUNCTION: sin
BRACKET: (
NUMBER: 1
BRACKET: )

/****************************************************************************/
