
/****************************************************************************/

$$$$$ Date: Sat Dec 20 04:48:05 2014
 
BRACKET: (
VARIABLE: x
FUNCTION: ^
NUMBER: 2
FUNCTION: +
NUMBER: 2
BRACKET: )
FUNCTION: /
BRACKET: (
FUNCTION: cos
BRACKET: (
VARIABLE: x
BRACKET: )
FUNCTION: +
NUMBER: 1
BRACKET: )

/****************************************************************************/

/****************************************************************************/

$$$$$ Date: Sat Dec 20 04:48:05 2014
 
-----> Unknown error  
'/' { '+' { '^' { 'x' {  NULL  }  {  NULL  }  }  { 2 {  NULL  }  {  NULL  }  }  }  { 2 {  NULL  }  {  NULL  }  }  }  { '+' { 'cos' { 'x' {  NULL  }  {  NULL  }  }  {  NULL  }  }  { 1 {  NULL  }  {  NULL  }  }  } 
/****************************************************************************/

/****************************************************************************/

$$$$$ Date: Sat Dec 20 05:08:33 2014
 
FUNCTION: cos
BRACKET: (
VARIABLE: x
BRACKET: )

/****************************************************************************/

/****************************************************************************/

$$$$$ Date: Sat Dec 20 05:08:33 2014
 
-----> Unknown error  
'cos' { 'x' {  NULL  }  {  NULL  }  }  {  NULL  } 
/****************************************************************************/

/****************************************************************************/

$$$$$ Date: Sat Dec 20 05:09:18 2014
 
FUNCTION: sin
BRACKET: (
VARIABLE: x
BRACKET: )
FUNCTION: /
FUNCTION: cos
BRACKET: (
VARIABLE: x
BRACKET: )

/****************************************************************************/

/****************************************************************************/

$$$$$ Date: Sat Dec 20 05:09:18 2014
 
-----> Unknown error  
'/' { 'sin' { 'x' {  NULL  }  {  NULL  }  }  {  NULL  }  }  { 'cos' { 'x' {  NULL  }  {  NULL  }  }  {  NULL  }  } 
/****************************************************************************/

/****************************************************************************/

$$$$$ Date: Sat Dec 20 05:10:30 2014
 
FUNCTION: cos
BRACKET: (
VARIABLE: x
FUNCTION: +
NUMBER: 1
BRACKET: )

/****************************************************************************/

/****************************************************************************/

$$$$$ Date: Sat Dec 20 05:10:30 2014
 
-----> Unknown error  
'cos' { '+' { 'x' {  NULL  }  {  NULL  }  }  { 1 {  NULL  }  {  NULL  }  }  }  {  NULL  } 
/****************************************************************************/

/****************************************************************************/

$$$$$ Date: Sat Dec 20 14:35:24 2014
 
FUNCTION: sin
BRACKET: (
VARIABLE: x
BRACKET: )
FUNCTION: /
FUNCTION: cos
BRACKET: (
VARIABLE: x
BRACKET: )

/****************************************************************************/

/****************************************************************************/

$$$$$ Date: Sat Dec 20 14:35:24 2014
 
-----> Unknown error  
'/' { 'sin' { 'x' {  NULL  }  {  NULL  }  }  {  NULL  }  }  { 'cos' { 'x' {  NULL  }  {  NULL  }  }  {  NULL  }  } 
/****************************************************************************/

/****************************************************************************/

$$$$$ Date: Sat Dec 20 15:35:51 2014
 
BRACKET: (
NUMBER: 1
FUNCTION: +
VARIABLE: x
FUNCTION: ^
NUMBER: 2
BRACKET: )
FUNCTION: /
BRACKET: (
VARIABLE: x
FUNCTION: +
NUMBER: 1
BRACKET: )

/****************************************************************************/

/****************************************************************************/

$$$$$ Date: Sat Dec 20 15:35:51 2014
 
-----> Unknown error  
'/' { '+' { 1 {  NULL  }  {  NULL  }  }  { '^' { 'x' {  NULL  }  {  NULL  }  }  { 2 {  NULL  }  {  NULL  }  }  }  }  { '+' { 'x' {  NULL  }  {  NULL  }  }  { 1 {  NULL  }  {  NULL  }  }  } 
/****************************************************************************/

/****************************************************************************/

$$$$$ Date: Sun Dec 21 06:38:05 2014
 
FUNCTION: sin
BRACKET: (
NUMBER: 1
BRACKET: )
FUNCTION: *
VARIABLE: x

/****************************************************************************/

/****************************************************************************/

$$$$$ Date: Sun Dec 21 06:38:05 2014
 
-----> Unknown error  
'*' { 'sin' { 1 {  NULL  }  {  NULL  }  }  {  NULL  }  }  { 'x' {  NULL  }  {  NULL  }  } 
/****************************************************************************/

/****************************************************************************/

$$$$$ Date: Sun Dec 21 06:46:26 2014
 
NUMBER: 2
FUNCTION: *
VARIABLE: x
FUNCTION: ^
NUMBER: 1

/****************************************************************************/

/****************************************************************************/

$$$$$ Date: Sun Dec 21 06:46:27 2014
 
-----> Unknown error  
'*' { 2 {  NULL  }  {  NULL  }  }  { '^' { 'x' {  NULL  }  {  NULL  }  }  { 1 {  NULL  }  {  NULL  }  }  } 
/****************************************************************************/

/****************************************************************************/

$$$$$ Date: Sun Dec 21 06:47:22 2014
 
VARIABLE: x
FUNCTION: ^
NUMBER: 0

/****************************************************************************/

/****************************************************************************/

$$$$$ Date: Sun Dec 21 06:47:22 2014
 
-----> Unknown error  
'^' { 'x' {  NULL  }  {  NULL  }  }  { 0 {  NULL  }  {  NULL  }  } 
/****************************************************************************/

/****************************************************************************/

$$$$$ Date: Sun Dec 21 07:07:15 2014
 
VARIABLE: x
FUNCTION: *
VARIABLE: x
FUNCTION: *
VARIABLE: x
FUNCTION: +
VARIABLE: x

/****************************************************************************/

/****************************************************************************/

$$$$$ Date: Sun Dec 21 07:07:15 2014
 
-----> Unknown error  
'+' { '*' { 'x' {  NULL  }  {  NULL  }  }  { '*' { 'x' {  NULL  }  {  NULL  }  }  { 'x' {  NULL  }  {  NULL  }  }  }  }  { 'x' {  NULL  }  {  NULL  }  } 
/****************************************************************************/

/****************************************************************************/

$$$$$ Date: Sun Dec 21 07:08:42 2014
 
VARIABLE: x
FUNCTION: ^
NUMBER: 3

/****************************************************************************/

/****************************************************************************/

$$$$$ Date: Sun Dec 21 07:08:42 2014
 
-----> Unknown error  
'^' { 'x' {  NULL  }  {  NULL  }  }  { 3 {  NULL  }  {  NULL  }  } 
/****************************************************************************/

/****************************************************************************/

$$$$$ Date: Sun Dec 21 07:10:12 2014
 
VARIABLE: edgar
FUNCTION: *
VARIABLE: edgar

/****************************************************************************/

/****************************************************************************/

$$$$$ Date: Sun Dec 21 07:10:12 2014
 
-----> Unknown error  
'*' { 'edgar' {  NULL  }  {  NULL  }  }  { 'edgar' {  NULL  }  {  NULL  }  } 
/****************************************************************************/

/****************************************************************************/

$$$$$ Date: Sun Dec 21 07:11:14 2014
 
BRACKET: (
FUNCTION: sin
BRACKET: (
VARIABLE: x
BRACKET: )
FUNCTION: /
FUNCTION: cos
BRACKET: (
VARIABLE: x
BRACKET: )
BRACKET: )
FUNCTION: ^
NUMBER: 2

/****************************************************************************/

/****************************************************************************/

$$$$$ Date: Sun Dec 21 07:11:14 2014
 
-----> Unknown error  
'^' { '/' { 'sin' { 'x' {  NULL  }  {  NULL  }  }  {  NULL  }  }  { 'cos' { 'x' {  NULL  }  {  NULL  }  }  {  NULL  }  }  }  { 2 {  NULL  }  {  NULL  }  } 
/****************************************************************************/

/****************************************************************************/

$$$$$ Date: Mon Dec 22 03:14:57 2014
 
BRACKET: (
FUNCTION: cos
BRACKET: (
VARIABLE: x
BRACKET: )
FUNCTION: +
BRACKET: (
VARIABLE: x
FUNCTION: ^
NUMBER: 2
BRACKET: )
FUNCTION: /
FUNCTION: sin
BRACKET: (
VARIABLE: x
BRACKET: )
BRACKET: )
FUNCTION: ^
BRACKET: (
NUMBER: 0
FUNCTION: -
NUMBER: 2
FUNCTION: /
NUMBER: 3
BRACKET: )

/****************************************************************************/

/****************************************************************************/

$$$$$ Date: Mon Dec 22 03:14:57 2014
 
-----> Unknown error  
'^' { '+' { 'cos' { 'x' {  NULL  }  {  NULL  }  }  {  NULL  }  }  { '/' { '^' { 'x' {  NULL  }  {  NULL  }  }  { 2 {  NULL  }  {  NULL  }  }  }  { 'sin' { 'x' {  NULL  }  {  NULL  }  }  {  NULL  }  }  }  }  { '-' { 0 {  NULL  }  {  NULL  }  }  { '/' { 2 {  NULL  }  {  NULL  }  }  { 3 {  NULL  }  {  NULL  }  }  }  } 
/****************************************************************************/

/****************************************************************************/

$$$$$ Date: Mon Dec 22 03:16:52 2014
 
BRACKET: (
BRACKET: )

/****************************************************************************/

/****************************************************************************/

$$$$$ Date: Mon Dec 22 03:17:06 2014
 
NUMBER: 2
FUNCTION: +
BRACKET: (
BRACKET: )
FUNCTION: -
NUMBER: 1

/****************************************************************************/

/****************************************************************************/

$$$$$ Date: Mon Dec 22 03:17:06 2014
 
-----> Unknown error  
'+' { 2 {  NULL  }  {  NULL  }  }  {  NULL  } 
/****************************************************************************/

/****************************************************************************/

$$$$$ Date: Mon Dec 22 16:17:57 2014
 
FUNCTION: sin
BRACKET: (
FUNCTION: cos
BRACKET: (
NUMBER: 3
FUNCTION: *
VARIABLE: x
BRACKET: )
BRACKET: )
FUNCTION: +
BRACKET: (
NUMBER: 10
FUNCTION: +
NUMBER: 20
FUNCTION: +
NUMBER: 30
BRACKET: )
FUNCTION: *
VARIABLE: x
FUNCTION: ^
NUMBER: 2

/****************************************************************************/

/****************************************************************************/

$$$$$ Date: Mon Dec 22 16:17:57 2014
 
-----> Unknown error  
'+' { 'sin' { 'cos' { '*' { 3 {  NULL  }  {  NULL  }  }  { 'x' {  NULL  }  {  NULL  }  }  }  {  NULL  }  }  {  NULL  }  }  { '*' { '+' { 10 {  NULL  }  {  NULL  }  }  { '+' { 20 {  NULL  }  {  NULL  }  }  { 30 {  NULL  }  {  NULL  }  }  }  }  { '^' { 'x' {  NULL  }  {  NULL  }  }  { 2 {  NULL  }  {  NULL  }  }  }  } 
/****************************************************************************/

/****************************************************************************/

$$$$$ Date: Mon Dec 22 16:20:00 2014
 
VARIABLE: x
FUNCTION: ^
NUMBER: 0

/****************************************************************************/

/****************************************************************************/

$$$$$ Date: Mon Dec 22 16:20:00 2014
 
-----> Unknown error  
'^' { 'x' {  NULL  }  {  NULL  }  }  { 0 {  NULL  }  {  NULL  }  } 
/****************************************************************************/

/****************************************************************************/

$$$$$ Date: Mon Dec 22 16:55:55 2014
 
FUNCTION: sin
BRACKET: (
VARIABLE: x
BRACKET: )
FUNCTION: /
FUNCTION: cos
BRACKET: (
VARIABLE: x
BRACKET: )

/****************************************************************************/

/****************************************************************************/

$$$$$ Date: Mon Dec 22 16:55:55 2014
 
-----> Unknown error  
'/' { 'sin' { 'x' {  NULL  }  {  NULL  }  }  {  NULL  }  }  { 'cos' { 'x' {  NULL  }  {  NULL  }  }  {  NULL  }  } 
/****************************************************************************/

/****************************************************************************/

$$$$$ Date: Mon Dec 22 16:58:08 2014
 
FUNCTION: cos
BRACKET: (
VARIABLE: edgar
BRACKET: )

/****************************************************************************/

/****************************************************************************/

$$$$$ Date: Mon Dec 22 16:58:08 2014
 
-----> Unknown error  
'cos' { 'edgar' {  NULL  }  {  NULL  }  }  {  NULL  } 
/****************************************************************************/

/****************************************************************************/

$$$$$ Date: Mon Dec 22 16:58:55 2014
 
NUMBER: 1
FUNCTION: +
BRACKET: (
FUNCTION: sin

/****************************************************************************/

/****************************************************************************/

$$$$$ Date: Mon Dec 22 16:59:56 2014
 
BRACKET: (
FUNCTION: cos
BRACKET: (
VARIABLE: x
BRACKET: )
BRACKET: )
BRACKET: (
BRACKET: )

/****************************************************************************/

/****************************************************************************/

$$$$$ Date: Mon Dec 22 16:59:56 2014
 
-----> Unknown error  
'cos' { 'x' {  NULL  }  {  NULL  }  }  {  NULL  } 
/****************************************************************************/

/****************************************************************************/

$$$$$ Date: Mon Dec 22 17:00:53 2014
 
BRACKET: (
FUNCTION: cos
BRACKET: (
VARIABLE: x
BRACKET: )
BRACKET: (
FUNCTION: sin
BRACKET: (
VARIABLE: x
BRACKET: )
BRACKET: )
BRACKET: )

/****************************************************************************/

/****************************************************************************/

$$$$$ Date: Mon Dec 22 17:00:53 2014
 
-----> Unknown error  
'cos' { 'x' {  NULL  }  {  NULL  }  }  {  NULL  } 
/****************************************************************************/

/****************************************************************************/

$$$$$ Date: Sat Jan 03 17:32:01 2015
 
BRACKET: (
BRACKET: (
VARIABLE: x
FUNCTION: -
NUMBER: 2
BRACKET: )
FUNCTION: ^
NUMBER: 3
BRACKET: )
FUNCTION: /
BRACKET: (
BRACKET: (
VARIABLE: x
FUNCTION: -
NUMBER: 6
BRACKET: )
FUNCTION: ^
NUMBER: 2
BRACKET: )

/****************************************************************************/

/****************************************************************************/

$$$$$ Date: Sat Jan 03 17:32:01 2015
 
-----> Unknown error  
'/' { '^' { '-' { 'x' {  NULL  }  {  NULL  }  }  { 2 {  NULL  }  {  NULL  }  }  }  { 3 {  NULL  }  {  NULL  }  }  }  { '^' { '-' { 'x' {  NULL  }  {  NULL  }  }  { 6 {  NULL  }  {  NULL  }  }  }  { 2 {  NULL  }  {  NULL  }  }  } 
/****************************************************************************/
