Build started 08.06.2015 1:22:33.
     1>Project "C:\Users\EdgarAdmin\Desktop\Win32Start\Win32Startup\Win32Startup.vcxproj" on node 2 (build target(s)).
     1>InitializeBuildStatus:
         Creating "Debug\Win32Startup.unsuccessfulbuild" because "AlwaysCreate" was specified.
       ClCompile:
         c:\InstalledProgram\Visual Studio\VC\bin\CL.exe /c /ZI /nologo /W3 /WX- /Od /Oy- /D _MBCS /Gm /EHsc /RTC1 /MDd /GS /fp:precise /Zc:wchar_t /Zc:forScope /Fo"Debug\\" /Fd"Debug\vc100.pdb" /Gd /TP /analyze- /errorReport:prompt winmain.cpp
         winmain.cpp
     1>c:\users\edgaradmin\desktop\win32start\win32startup\winmain.cpp(178): warning C4996: 'itoa': The POSIX name for this item is deprecated. Instead, use the ISO C++ conformant name: _itoa. See online help for details.
                 c:\installedprogram\visual studio\vc\include\stdlib.h(867) : see declaration of 'itoa'
     1>c:\users\edgaradmin\desktop\win32start\win32startup\winmain.cpp(179): warning C4244: 'argument' : conversion from 'double' to 'int', possible loss of data
     1>c:\users\edgaradmin\desktop\win32start\win32startup\winmain.cpp(179): warning C4996: 'itoa': The POSIX name for this item is deprecated. Instead, use the ISO C++ conformant name: _itoa. See online help for details.
                 c:\installedprogram\visual studio\vc\include\stdlib.h(867) : see declaration of 'itoa'
     1>c:\users\edgaradmin\desktop\win32start\win32startup\winmain.cpp(232): warning C4018: '<' : signed/unsigned mismatch
     1>c:\users\edgaradmin\desktop\win32start\win32startup\winmain.cpp(259): warning C4018: '<' : signed/unsigned mismatch
       Link:
         c:\InstalledProgram\Visual Studio\VC\bin\link.exe /ERRORREPORT:PROMPT /OUT:"C:\Users\EdgarAdmin\Desktop\Win32Start\Win32Startup\Debug\Win32Startup.exe" /NOLOGO kernel32.lib user32.lib gdi32.lib winspool.lib comdlg32.lib advapi32.lib shell32.lib ole32.lib oleaut32.lib uuid.lib odbc32.lib odbccp32.lib /MANIFEST /ManifestFile:"Debug\Win32Startup.exe.intermediate.manifest" /MANIFESTUAC:"level='asInvoker' uiAccess='false'" /DEBUG /PDB:"C:\Users\EdgarAdmin\Desktop\Win32Start\Win32Startup\Debug\Win32Startup.pdb" /TLBID:1 /DYNAMICBASE /NXCOMPAT /IMPLIB:"C:\Users\EdgarAdmin\Desktop\Win32Start\Win32Startup\Debug\Win32Startup.lib" /MACHINE:X86 Debug\winmain.obj
         Win32Startup.vcxproj -> C:\Users\EdgarAdmin\Desktop\Win32Start\Win32Startup\Debug\Win32Startup.exe
       Manifest:
         c:\Program Files (x86)\Microsoft SDKs\Windows\v7.0A\bin\mt.exe /nologo /verbose /outputresource:"C:\Users\EdgarAdmin\Desktop\Win32Start\Win32Startup\Debug\Win32Startup.exe;#1" /manifest Debug\Win32Startup.exe.intermediate.manifest
       FinalizeBuildStatus:
         Deleting file "Debug\Win32Startup.unsuccessfulbuild".
         Touching "Debug\Win32Startup.lastbuildstate".
     1>Done Building Project "C:\Users\EdgarAdmin\Desktop\Win32Start\Win32Startup\Win32Startup.vcxproj" (build target(s)).

Build succeeded.

Time Elapsed 00:00:02.03
